#
# There is insufficient memory for the Java Runtime Environment to continue.
# Native memory allocation (mmap) failed to map 192937984 bytes for committing reserved memory.
# Possible reasons:
#   The system is out of physical RAM or swap space
#   The process is running with CompressedOops enabled, and the Java Heap may be blocking the growth of the native heap
# Possible solutions:
#   Reduce memory load on the system
#   Increase physical memory or swap space
#   Check if swap backing store is full
#   Decrease Java heap size (-Xmx/-Xms)
#   Decrease number of Java threads
#   Decrease Java thread stack sizes (-Xss)
#   Set larger code cache with -XX:ReservedCodeCacheSize=
#   JVM is running with Unscaled Compressed Oops mode in which the Java heap is
#     placed in the first 4GB address space. The Java Heap base address is the
#     maximum limit for the native heap growth. Please use -XX:HeapBaseMinAddress
#     to set the Java Heap base and to place the Java Heap above 4GB virtual address.
# This output file may be truncated or incomplete.
#
#  Out of Memory Error (os_linux.cpp:2760), pid=5651, tid=0x00007fc850afa700
#
# JRE version: OpenJDK Runtime Environment (8.0_212-b04) (build 1.8.0_212-b04)
# Java VM: OpenJDK 64-Bit Server VM (25.212-b04 mixed mode linux-amd64 compressed oops)
# Failed to write core dump. Core dumps have been disabled. To enable core dumping, try "ulimit -c unlimited" before starting Java again
#

---------------  T H R E A D  ---------------

Current thread (0x00007fc860079800):  VMThread [stack: 0x00007fc8509fa000,0x00007fc850afb000] [id=5662]

Stack: [0x00007fc8509fa000,0x00007fc850afb000],  sp=0x00007fc850af94e0,  free space=1021k
Native frames: (J=compiled Java code, j=interpreted, Vv=VM code, C=native code)
V  [libjvm.so+0xa7ffb2]  VMError::report_and_die()+0x2e2
V  [libjvm.so+0x4cae47]  report_vm_out_of_memory(char const*, int, unsigned long, VMErrorType, char const*)+0x67
V  [libjvm.so+0x8c0ed0]  os::pd_commit_memory(char*, unsigned long, unsigned long, bool)+0x100
V  [libjvm.so+0x8b85ff]  os::commit_memory(char*, unsigned long, unsigned long, bool)+0x1f
V  [libjvm.so+0x939c36]  PSVirtualSpace::expand_by(unsigned long)+0x56
V  [libjvm.so+0x928f3b]  PSOldGen::expand_by(unsigned long) [clone .part.28]+0x1b
V  [libjvm.so+0x9290f8]  PSOldGen::expand(unsigned long) [clone .part.29]+0xa8
V  [libjvm.so+0x929ca1]  PSOldGen::resize(unsigned long)+0xe1
V  [libjvm.so+0x92fd9c]  PSParallelCompact::invoke_no_policy(bool) [clone .part.118]+0xa2c
V  [libjvm.so+0x937bc5]  PSScavenge::invoke()+0x215
V  [libjvm.so+0x8e7678]  ParallelScavengeHeap::failed_mem_allocate(unsigned long)+0x68
V  [libjvm.so+0xa81b13]  VM_ParallelGCFailedAllocation::doit()+0x93
V  [libjvm.so+0xa86a36]  VM_Operation::evaluate()+0x46
V  [libjvm.so+0xa843a6]  VMThread::evaluate_operation(VM_Operation*) [clone .constprop.31]+0xa6
V  [libjvm.so+0xa85673]  VMThread::loop()+0x3a3
V  [libjvm.so+0xa85a48]  VMThread::run()+0x78
V  [libjvm.so+0x8be4d2]  java_start(Thread*)+0x102

VM_Operation (0x00007fc849543110): ParallelGCFailedAllocation, mode: safepoint, requested by thread 0x00007fc860409800


---------------  P R O C E S S  ---------------

Java Threads: ( => current thread )
  0x00007fc860450000 JavaThread "/0:0:0:0:0:0:0:1:37174 to /0:0:0:0:0:0:0:1:34027 workers Thread 3" [_thread_in_native, id=5677, stack(0x00007fc849244000,0x00007fc849345000)]
  0x00007fc860452000 JavaThread "/0:0:0:0:0:0:0:1:37174 to /0:0:0:0:0:0:0:1:34027 workers Thread 2" [_thread_blocked, id=5676, stack(0x00007fc849345000,0x00007fc849446000)]
  0x00007fc860409800 JavaThread "Test worker" [_thread_blocked, id=5675, stack(0x00007fc849446000,0x00007fc849547000)]
  0x00007fc860126800 JavaThread "Service Thread" daemon [_thread_blocked, id=5669, stack(0x00007fc85025c000,0x00007fc85035d000)]
  0x00007fc860119000 JavaThread "C1 CompilerThread2" daemon [_thread_blocked, id=5668, stack(0x00007fc85035d000,0x00007fc85045e000)]
  0x00007fc860117000 JavaThread "C2 CompilerThread1" daemon [_thread_blocked, id=5667, stack(0x00007fc85045e000,0x00007fc85055f000)]
  0x00007fc860115000 JavaThread "C2 CompilerThread0" daemon [_thread_blocked, id=5666, stack(0x00007fc85055f000,0x00007fc850660000)]
  0x00007fc860112800 JavaThread "Signal Dispatcher" daemon [_thread_blocked, id=5665, stack(0x00007fc850660000,0x00007fc850761000)]
  0x00007fc860085800 JavaThread "Finalizer" daemon [_thread_blocked, id=5664, stack(0x00007fc8507f8000,0x00007fc8508f9000)]
  0x00007fc860083000 JavaThread "Reference Handler" daemon [_thread_blocked, id=5663, stack(0x00007fc8508f9000,0x00007fc8509fa000)]
  0x00007fc86000b000 JavaThread "main" [_thread_blocked, id=5657, stack(0x00007fc869001000,0x00007fc869102000)]

Other Threads:
=>0x00007fc860079800 VMThread [stack: 0x00007fc8509fa000,0x00007fc850afb000] [id=5662]
  0x00007fc860129000 WatcherThread [stack: 0x00007fc85015b000,0x00007fc85025c000] [id=5670]

VM state:at safepoint (normal execution)

VM Mutex/Monitor currently owned by a thread:  ([mutex/lock_event])
[0x00007fc860006e10] ExpandHeap_lock - owner thread: 0x00007fc860079800
[0x00007fc860007490] Threads_lock - owner thread: 0x00007fc860079800
[0x00007fc860007990] Heap_lock - owner thread: 0x00007fc860409800

heap address: 0x00000000c6600000, size: 922 MB, Compressed Oops mode: 32-bit
Narrow klass base: 0x0000000000000000, Narrow klass shift: 3
Compressed class space size: 1073741824 Address: 0x0000000100000000

Heap:
 PSYoungGen      total 197120K, used 0K [0x00000000ecd00000, 0x00000000fff00000, 0x0000000100000000)
  eden space 92672K, 0% used [0x00000000ecd00000,0x00000000ecd00000,0x00000000f2780000)
  from space 104448K, 0% used [0x00000000f2780000,0x00000000f2780000,0x00000000f8d80000)
  to   space 104448K, 0% used [0x00000000f9900000,0x00000000f9900000,0x00000000fff00000)
 ParOldGen       total 214016K, used 189525K [0x00000000c6600000, 0x00000000d3700000, 0x00000000ecd00000)
  object space 214016K, 88% used [0x00000000c6600000,0x00000000d1f15630,0x00000000d3700000)
 Metaspace       used 8732K, capacity 9150K, committed 9472K, reserved 1056768K
  class space    used 1101K, capacity 1199K, committed 1280K, reserved 1048576K

Card table byte_map: [0x00007fc865c41000,0x00007fc865e0f000] byte_map_base: 0x00007fc86560e000

Marking Bits: (ParMarkBitMap*) 0x00007fc8684db3a0
 Begin Bits: [0x00007fc84a330000, 0x00007fc84b198000)
 End Bits:   [0x00007fc84b198000, 0x00007fc84c000000)

Polling page: 0x00007fc86911f000

CodeCache: size=245760Kb used=3608Kb max_used=3608Kb free=242151Kb
 bounds [0x00007fc851000000, 0x00007fc851390000, 0x00007fc860000000]
 total_blobs=1213 nmethods=898 adapters=231
 compilation: enabled

Compilation events (10 events):
Event: 19,775 Thread 0x00007fc860119000  898       3       java.util.Arrays::rangeCheck (74 bytes)
Event: 19,776 Thread 0x00007fc860119000 nmethod 898 0x00007fc851382dd0 code [0x00007fc851383020, 0x00007fc851383d68]
Event: 19,777 Thread 0x00007fc860119000  899       3       java.util.TimSort::ensureCapacity (107 bytes)
Event: 19,777 Thread 0x00007fc860115000 nmethod 892 0x00007fc85137eed0 code [0x00007fc85137f060, 0x00007fc85137f5d8]
Event: 19,777 Thread 0x00007fc860115000  896       4       sun.misc.FDBigInteger::cmp (147 bytes)
Event: 19,777 Thread 0x00007fc860119000 nmethod 899 0x00007fc851386b90 code [0x00007fc851386d40, 0x00007fc851387318]
Event: 19,781 Thread 0x00007fc860119000  900       3       java.util.TimSort::mergeHi (732 bytes)
Event: 19,783 Thread 0x00007fc860119000 nmethod 900 0x00007fc8513874d0 code [0x00007fc851387800, 0x00007fc8513899b8]
Event: 19,783 Thread 0x00007fc860119000  901       3       java.util.TimSort::mergeAt (358 bytes)
Event: 19,784 Thread 0x00007fc860119000 nmethod 901 0x00007fc851385fd0 code [0x00007fc8513861a0, 0x00007fc851386758]

GC Heap History (10 events):
Event: 16,003 GC heap after
Heap after GC invocations=29 (full 5):
 PSYoungGen      total 185344K, used 88210K [0x00000000ecd00000, 0x00000000fe880000, 0x0000000100000000)
  eden space 80896K, 0% used [0x00000000ecd00000,0x00000000ecd00000,0x00000000f1c00000)
  from space 104448K, 84% used [0x00000000f8200000,0x00000000fd824970,0x00000000fe800000)
  to   space 104448K, 0% used [0x00000000f1c00000,0x00000000f1c00000,0x00000000f8200000)
 ParOldGen       total 169472K, used 134572K [0x00000000c6600000, 0x00000000d0b80000, 0x00000000ecd00000)
  object space 169472K, 79% used [0x00000000c6600000,0x00000000ce96b380,0x00000000d0b80000)
 Metaspace       used 8647K, capacity 9052K, committed 9216K, reserved 1056768K
  class space    used 1092K, capacity 1190K, committed 1280K, reserved 1048576K
}
Event: 16,003 GC heap before
{Heap before GC invocations=30 (full 6):
 PSYoungGen      total 185344K, used 88210K [0x00000000ecd00000, 0x00000000fe880000, 0x0000000100000000)
  eden space 80896K, 0% used [0x00000000ecd00000,0x00000000ecd00000,0x00000000f1c00000)
  from space 104448K, 84% used [0x00000000f8200000,0x00000000fd824970,0x00000000fe800000)
  to   space 104448K, 0% used [0x00000000f1c00000,0x00000000f1c00000,0x00000000f8200000)
 ParOldGen       total 169472K, used 134572K [0x00000000c6600000, 0x00000000d0b80000, 0x00000000ecd00000)
  object space 169472K, 79% used [0x00000000c6600000,0x00000000ce96b380,0x00000000d0b80000)
 Metaspace       used 8647K, capacity 9052K, committed 9216K, reserved 1056768K
  class space    used 1092K, capacity 1190K, committed 1280K, reserved 1048576K
Event: 16,139 GC heap after
Heap after GC invocations=30 (full 6):
 PSYoungGen      total 185344K, used 0K [0x00000000ecd00000, 0x00000000fe880000, 0x0000000100000000)
  eden space 80896K, 0% used [0x00000000ecd00000,0x00000000ecd00000,0x00000000f1c00000)
  from space 104448K, 0% used [0x00000000f8200000,0x00000000f8200000,0x00000000fe800000)
  to   space 104448K, 0% used [0x00000000f1c00000,0x00000000f1c00000,0x00000000f8200000)
 ParOldGen       total 214016K, used 33605K [0x00000000c6600000, 0x00000000d3700000, 0x00000000ecd00000)
  object space 214016K, 15% used [0x00000000c6600000,0x00000000c86d1710,0x00000000d3700000)
 Metaspace       used 8647K, capacity 9052K, committed 9216K, reserved 1056768K
  class space    used 1092K, capacity 1190K, committed 1280K, reserved 1048576K
}
Event: 16,348 GC heap before
{Heap before GC invocations=31 (full 6):
 PSYoungGen      total 185344K, used 80896K [0x00000000ecd00000, 0x00000000fe880000, 0x0000000100000000)
  eden space 80896K, 100% used [0x00000000ecd00000,0x00000000f1c00000,0x00000000f1c00000)
  from space 104448K, 0% used [0x00000000f8200000,0x00000000f8200000,0x00000000fe800000)
  to   space 104448K, 0% used [0x00000000f1c00000,0x00000000f1c00000,0x00000000f8200000)
 ParOldGen       total 214016K, used 33605K [0x00000000c6600000, 0x00000000d3700000, 0x00000000ecd00000)
  object space 214016K, 15% used [0x00000000c6600000,0x00000000c86d1710,0x00000000d3700000)
 Metaspace       used 8647K, capacity 9052K, committed 9216K, reserved 1056768K
  class space    used 1092K, capacity 1190K, committed 1280K, reserved 1048576K
Event: 16,392 GC heap after
Heap after GC invocations=31 (full 6):
 PSYoungGen      total 185344K, used 52484K [0x00000000ecd00000, 0x00000000ff400000, 0x0000000100000000)
  eden space 80896K, 0% used [0x00000000ecd00000,0x00000000ecd00000,0x00000000f1c00000)
  from space 104448K, 50% used [0x00000000f1c00000,0x00000000f4f41278,0x00000000f8200000)
  to   space 104448K, 0% used [0x00000000f8e00000,0x00000000f8e00000,0x00000000ff400000)
 ParOldGen       total 214016K, used 33605K [0x00000000c6600000, 0x00000000d3700000, 0x00000000ecd00000)
  object space 214016K, 15% used [0x00000000c6600000,0x00000000c86d1710,0x00000000d3700000)
 Metaspace       used 8647K, capacity 9052K, committed 9216K, reserved 1056768K
  class space    used 1092K, capacity 1190K, committed 1280K, reserved 1048576K
}
Event: 16,715 GC heap before
{Heap before GC invocations=32 (full 6):
 PSYoungGen      total 185344K, used 133380K [0x00000000ecd00000, 0x00000000ff400000, 0x0000000100000000)
  eden space 80896K, 100% used [0x00000000ecd00000,0x00000000f1c00000,0x00000000f1c00000)
  from space 104448K, 50% used [0x00000000f1c00000,0x00000000f4f41278,0x00000000f8200000)
  to   space 104448K, 0% used [0x00000000f8e00000,0x00000000f8e00000,0x00000000ff400000)
 ParOldGen       total 214016K, used 33605K [0x00000000c6600000, 0x00000000d3700000, 0x00000000ecd00000)
  object space 214016K, 15% used [0x00000000c6600000,0x00000000c86d1710,0x00000000d3700000)
 Metaspace       used 8647K, capacity 9052K, committed 9216K, reserved 1056768K
  class space    used 1092K, capacity 1190K, committed 1280K, reserved 1048576K
Event: 16,796 GC heap after
Heap after GC invocations=32 (full 6):
 PSYoungGen      total 196608K, used 52534K [0x00000000ecd00000, 0x00000000ff380000, 0x0000000100000000)
  eden space 92672K, 0% used [0x00000000ecd00000,0x00000000ecd00000,0x00000000f2780000)
  from space 103936K, 50% used [0x00000000f8e00000,0x00000000fc14dba8,0x00000000ff380000)
  to   space 104448K, 0% used [0x00000000f2780000,0x00000000f2780000,0x00000000f8d80000)
 ParOldGen       total 214016K, used 86333K [0x00000000c6600000, 0x00000000d3700000, 0x00000000ecd00000)
  object space 214016K, 40% used [0x00000000c6600000,0x00000000cba4f710,0x00000000d3700000)
 Metaspace       used 8647K, capacity 9052K, committed 9216K, reserved 1056768K
  class space    used 1092K, capacity 1190K, committed 1280K, reserved 1048576K
}
Event: 19,785 GC heap before
{Heap before GC invocations=33 (full 6):
 PSYoungGen      total 196608K, used 145206K [0x00000000ecd00000, 0x00000000ff380000, 0x0000000100000000)
  eden space 92672K, 100% used [0x00000000ecd00000,0x00000000f2780000,0x00000000f2780000)
  from space 103936K, 50% used [0x00000000f8e00000,0x00000000fc14dba8,0x00000000ff380000)
  to   space 104448K, 0% used [0x00000000f2780000,0x00000000f2780000,0x00000000f8d80000)
 ParOldGen       total 214016K, used 86333K [0x00000000c6600000, 0x00000000d3700000, 0x00000000ecd00000)
  object space 214016K, 40% used [0x00000000c6600000,0x00000000cba4f710,0x00000000d3700000)
 Metaspace       used 8732K, capacity 9150K, committed 9472K, reserved 1056768K
  class space    used 1101K, capacity 1199K, committed 1280K, reserved 1048576K
Event: 19,864 GC heap after
Heap after GC invocations=33 (full 6):
 PSYoungGen      total 197120K, used 52612K [0x00000000ecd00000, 0x00000000fff00000, 0x0000000100000000)
  eden space 92672K, 0% used [0x00000000ecd00000,0x00000000ecd00000,0x00000000f2780000)
  from space 104448K, 50% used [0x00000000f2780000,0x00000000f5ae12e0,0x00000000f8d80000)
  to   space 104448K, 0% used [0x00000000f9900000,0x00000000f9900000,0x00000000fff00000)
 ParOldGen       total 214016K, used 139045K [0x00000000c6600000, 0x00000000d3700000, 0x00000000ecd00000)
  object space 214016K, 64% used [0x00000000c6600000,0x00000000cedc9710,0x00000000d3700000)
 Metaspace       used 8732K, capacity 9150K, committed 9472K, reserved 1056768K
  class space    used 1101K, capacity 1199K, committed 1280K, reserved 1048576K
}
Event: 19,864 GC heap before
{Heap before GC invocations=34 (full 7):
 PSYoungGen      total 197120K, used 52612K [0x00000000ecd00000, 0x00000000fff00000, 0x0000000100000000)
  eden space 92672K, 0% used [0x00000000ecd00000,0x00000000ecd00000,0x00000000f2780000)
  from space 104448K, 50% used [0x00000000f2780000,0x00000000f5ae12e0,0x00000000f8d80000)
  to   space 104448K, 0% used [0x00000000f9900000,0x00000000f9900000,0x00000000fff00000)
 ParOldGen       total 214016K, used 139045K [0x00000000c6600000, 0x00000000d3700000, 0x00000000ecd00000)
  object space 214016K, 64% used [0x00000000c6600000,0x00000000cedc9710,0x00000000d3700000)
 Metaspace       used 8732K, capacity 9150K, committed 9472K, reserved 1056768K
  class space    used 1101K, capacity 1199K, committed 1280K, reserved 1048576K

Deoptimization events (10 events):
Event: 13,982 Thread 0x00007fc860409800 Uncommon trap: reason=class_check action=maybe_recompile pc=0x00007fc85132ee94 method=java.util.stream.ReduceOps$3ReducingSink.accept(Ljava/lang/Object;)V @ 9
Event: 13,982 Thread 0x00007fc860409800 Uncommon trap: reason=class_check action=maybe_recompile pc=0x00007fc85132ee94 method=java.util.stream.ReduceOps$3ReducingSink.accept(Ljava/lang/Object;)V @ 9
Event: 13,982 Thread 0x00007fc860409800 Uncommon trap: reason=class_check action=maybe_recompile pc=0x00007fc85132ee94 method=java.util.stream.ReduceOps$3ReducingSink.accept(Ljava/lang/Object;)V @ 9
Event: 17,713 Thread 0x00007fc860409800 Uncommon trap: reason=class_check action=maybe_recompile pc=0x00007fc8512fa97c method=java.util.AbstractCollection.toArray([Ljava/lang/Object;)[Ljava/lang/Object; @ 1
Event: 17,813 Thread 0x00007fc860409800 Uncommon trap: reason=class_check action=maybe_recompile pc=0x00007fc8512fa97c method=java.util.AbstractCollection.toArray([Ljava/lang/Object;)[Ljava/lang/Object; @ 1
Event: 17,814 Thread 0x00007fc860409800 Uncommon trap: reason=class_check action=maybe_recompile pc=0x00007fc8512fa97c method=java.util.AbstractCollection.toArray([Ljava/lang/Object;)[Ljava/lang/Object; @ 1
Event: 17,884 Thread 0x00007fc860409800 Uncommon trap: reason=class_check action=maybe_recompile pc=0x00007fc851349e90 method=java.util.stream.ReferencePipeline$2$1.accept(Ljava/lang/Object;)V @ 8
Event: 17,884 Thread 0x00007fc860409800 Uncommon trap: reason=class_check action=maybe_recompile pc=0x00007fc851349e90 method=java.util.stream.ReferencePipeline$2$1.accept(Ljava/lang/Object;)V @ 8
Event: 17,884 Thread 0x00007fc860409800 Uncommon trap: reason=class_check action=maybe_recompile pc=0x00007fc851349e90 method=java.util.stream.ReferencePipeline$2$1.accept(Ljava/lang/Object;)V @ 8
Event: 17,884 Thread 0x00007fc860409800 Uncommon trap: reason=class_check action=maybe_recompile pc=0x00007fc851349e90 method=java.util.stream.ReferencePipeline$2$1.accept(Ljava/lang/Object;)V @ 8

Classes redefined (0 events):
No events

Internal exceptions (10 events):
Event: 0,564 Thread 0x00007fc86000b000 Exception <a 'java/lang/ArrayIndexOutOfBoundsException'> (0x00000000ed138638) thrown at [/codebuild/output/src360055817/src/git-codecommit.us-west-2.amazonaws.com/v1/repos/Corretto8Src/installers/linux/universal/tar/corretto-build/buildRoot/src/hotspot/sr
Event: 0,677 Thread 0x00007fc86000b000 Exception <a 'java/lang/NoSuchFieldError': method resolution failed> (0x00000000ed2fc500) thrown at [/codebuild/output/src360055817/src/git-codecommit.us-west-2.amazonaws.com/v1/repos/Corretto8Src/installers/linux/universal/tar/corretto-build/buildRoot/sr
Event: 0,680 Thread 0x00007fc86000b000 Exception <a 'java/lang/NoSuchFieldError': method resolution failed> (0x00000000ed309778) thrown at [/codebuild/output/src360055817/src/git-codecommit.us-west-2.amazonaws.com/v1/repos/Corretto8Src/installers/linux/universal/tar/corretto-build/buildRoot/sr
Event: 0,703 Thread 0x00007fc86000b000 Implicit null exception at 0x00007fc8511152d5 to 0x00007fc8511154a5
Event: 0,783 Thread 0x00007fc86000b000 Exception <a 'java/lang/NoSuchMethodError': <clinit>> (0x00000000ed419488) thrown at [/codebuild/output/src360055817/src/git-codecommit.us-west-2.amazonaws.com/v1/repos/Corretto8Src/installers/linux/universal/tar/corretto-build/buildRoot/src/hotspot/src/s
Event: 0,784 Thread 0x00007fc86000b000 Exception <a 'java/lang/NoSuchMethodError': <clinit>> (0x00000000ed423958) thrown at [/codebuild/output/src360055817/src/git-codecommit.us-west-2.amazonaws.com/v1/repos/Corretto8Src/installers/linux/universal/tar/corretto-build/buildRoot/src/hotspot/src/s
Event: 0,856 Thread 0x00007fc86000b000 Exception <a 'java/lang/ArrayIndexOutOfBoundsException'> (0x00000000ed68abe8) thrown at [/codebuild/output/src360055817/src/git-codecommit.us-west-2.amazonaws.com/v1/repos/Corretto8Src/installers/linux/universal/tar/corretto-build/buildRoot/src/hotspot/sr
Event: 0,856 Thread 0x00007fc86000b000 Exception <a 'java/lang/ArrayIndexOutOfBoundsException'> (0x00000000ed68ba40) thrown at [/codebuild/output/src360055817/src/git-codecommit.us-west-2.amazonaws.com/v1/repos/Corretto8Src/installers/linux/universal/tar/corretto-build/buildRoot/src/hotspot/sr
Event: 5,793 Thread 0x00007fc860409800 Implicit null exception at 0x00007fc85133595a to 0x00007fc851335ff5
Event: 17,813 Thread 0x00007fc860409800 Exception <a 'java/lang/NoSuchMethodError': java.lang.Object.lambda$comparing$77a9974f$1(Ljava/util/function/Function;Ljava/lang/Object;Ljava/lang/Object;)I> (0x00000000f1c08cc0) thrown at [/codebuild/output/src360055817/src/git-codecommit.us-west-2.amazo

Events (10 events):
Event: 17,884 Thread 0x00007fc860409800 DEOPT UNPACKING pc=0x00007fc85104547a sp=0x00007fc8495434f0 mode 2
Event: 17,884 Thread 0x00007fc860409800 Uncommon trap: trap_request=0xffffffde fr.pc=0x00007fc851349e90
Event: 17,884 Thread 0x00007fc860409800 DEOPT PACKING pc=0x00007fc851349e90 sp=0x00007fc849543510
Event: 17,884 Thread 0x00007fc860409800 DEOPT UNPACKING pc=0x00007fc85104547a sp=0x00007fc8495434f0 mode 2
Event: 17,884 Thread 0x00007fc860409800 Uncommon trap: trap_request=0xffffffde fr.pc=0x00007fc851349e90
Event: 17,884 Thread 0x00007fc860409800 DEOPT PACKING pc=0x00007fc851349e90 sp=0x00007fc849543510
Event: 17,884 Thread 0x00007fc860409800 DEOPT UNPACKING pc=0x00007fc85104547a sp=0x00007fc8495434f0 mode 2
Event: 18,089 loading class sun/misc/FloatingDecimal$ASCIIToBinaryBuffer
Event: 18,149 loading class sun/misc/FloatingDecimal$ASCIIToBinaryBuffer done
Event: 19,785 Executing VM operation: ParallelGCFailedAllocation


Dynamic libraries:
00400000-00401000 r-xp 00000000 08:05 13638019                           /usr/lib/jvm/java-1.8.0-amazon-corretto/bin/java
00600000-00601000 r--p 00000000 08:05 13638019                           /usr/lib/jvm/java-1.8.0-amazon-corretto/bin/java
00601000-00602000 rw-p 00001000 08:05 13638019                           /usr/lib/jvm/java-1.8.0-amazon-corretto/bin/java
00938000-00959000 rw-p 00000000 00:00 0                                  [heap]
c6600000-d3700000 rw-p 00000000 00:00 0 
def00000-ecd00000 ---p 00000000 00:00 0 
ecd00000-fff00000 rw-p 00000000 00:00 0 
fff00000-100000000 ---p 00000000 00:00 0 
100000000-100140000 rw-p 00000000 00:00 0 
100140000-140000000 ---p 00000000 00:00 0 
7fc804000000-7fc804074000 rw-p 00000000 00:00 0 
7fc804074000-7fc808000000 ---p 00000000 00:00 0 
7fc80c000000-7fc80c089000 rw-p 00000000 00:00 0 
7fc80c089000-7fc810000000 ---p 00000000 00:00 0 
7fc810000000-7fc810021000 rw-p 00000000 00:00 0 
7fc810021000-7fc814000000 ---p 00000000 00:00 0 
7fc814000000-7fc814021000 rw-p 00000000 00:00 0 
7fc814021000-7fc818000000 ---p 00000000 00:00 0 
7fc818000000-7fc818021000 rw-p 00000000 00:00 0 
7fc818021000-7fc81c000000 ---p 00000000 00:00 0 
7fc81c000000-7fc81c2a2000 rw-p 00000000 00:00 0 
7fc81c2a2000-7fc820000000 ---p 00000000 00:00 0 
7fc820000000-7fc820236000 rw-p 00000000 00:00 0 
7fc820236000-7fc824000000 ---p 00000000 00:00 0 
7fc824000000-7fc824021000 rw-p 00000000 00:00 0 
7fc824021000-7fc828000000 ---p 00000000 00:00 0 
7fc828000000-7fc8282f3000 rw-p 00000000 00:00 0 
7fc8282f3000-7fc82c000000 ---p 00000000 00:00 0 
7fc82c000000-7fc82c021000 rw-p 00000000 00:00 0 
7fc82c021000-7fc830000000 ---p 00000000 00:00 0 
7fc830000000-7fc830021000 rw-p 00000000 00:00 0 
7fc830021000-7fc834000000 ---p 00000000 00:00 0 
7fc834000000-7fc834021000 rw-p 00000000 00:00 0 
7fc834021000-7fc838000000 ---p 00000000 00:00 0 
7fc838000000-7fc838280000 rw-p 00000000 00:00 0 
7fc838280000-7fc83c000000 ---p 00000000 00:00 0 
7fc83c000000-7fc83c021000 rw-p 00000000 00:00 0 
7fc83c021000-7fc840000000 ---p 00000000 00:00 0 
7fc840fff000-7fc844000000 rw-p 00000000 00:00 0 
7fc844000000-7fc844021000 rw-p 00000000 00:00 0 
7fc844021000-7fc848000000 ---p 00000000 00:00 0 
7fc849244000-7fc849247000 ---p 00000000 00:00 0 
7fc849247000-7fc849345000 rw-p 00000000 00:00 0 
7fc849345000-7fc849348000 ---p 00000000 00:00 0 
7fc849348000-7fc849446000 rw-p 00000000 00:00 0 
7fc849446000-7fc849449000 ---p 00000000 00:00 0 
7fc849449000-7fc849547000 rw-p 00000000 00:00 0 
7fc849547000-7fc849558000 r-xp 00000000 08:05 13637018                   /usr/lib/jvm/java-1.8.0-amazon-corretto/jre/lib/amd64/libnio.so
7fc849558000-7fc849757000 ---p 00011000 08:05 13637018                   /usr/lib/jvm/java-1.8.0-amazon-corretto/jre/lib/amd64/libnio.so
7fc849757000-7fc849758000 r--p 00010000 08:05 13637018                   /usr/lib/jvm/java-1.8.0-amazon-corretto/jre/lib/amd64/libnio.so
7fc849758000-7fc849759000 rw-p 00011000 08:05 13637018                   /usr/lib/jvm/java-1.8.0-amazon-corretto/jre/lib/amd64/libnio.so
7fc849759000-7fc84976f000 r-xp 00000000 08:05 13637052                   /usr/lib/jvm/java-1.8.0-amazon-corretto/jre/lib/amd64/libnet.so
7fc84976f000-7fc84996f000 ---p 00016000 08:05 13637052                   /usr/lib/jvm/java-1.8.0-amazon-corretto/jre/lib/amd64/libnet.so
7fc84996f000-7fc849970000 r--p 00016000 08:05 13637052                   /usr/lib/jvm/java-1.8.0-amazon-corretto/jre/lib/amd64/libnet.so
7fc849970000-7fc849971000 rw-p 00017000 08:05 13637052                   /usr/lib/jvm/java-1.8.0-amazon-corretto/jre/lib/amd64/libnet.so
7fc849971000-7fc84a330000 r--p 00000000 08:05 13507562                   /usr/lib/locale/locale-archive
7fc84a330000-7fc84c000000 rw-p 00000000 00:00 0 
7fc84c000000-7fc84c021000 rw-p 00000000 00:00 0 
7fc84c021000-7fc850000000 ---p 00000000 00:00 0 
7fc8500b4000-7fc8500be000 r--s 00116000 08:05 13637074                   /usr/lib/jvm/java-1.8.0-amazon-corretto/jre/lib/ext/localedata.jar
7fc8500be000-7fc8500d9000 r--s 00394000 08:05 13637081                   /usr/lib/jvm/java-1.8.0-amazon-corretto/jre/lib/ext/cldrdata.jar
7fc8500d9000-7fc8500dd000 r--s 000a1000 08:05 13637089                   /usr/lib/jvm/java-1.8.0-amazon-corretto/jre/lib/jsse.jar
7fc8500dd000-7fc8500e5000 r--s 00045000 08:05 5900651                    /home/iagoprior/.gradle/wrapper/dists/gradle-4.9-bin/e9cinqnqvph59rr7g70qubb4t/gradle-4.9/lib/plugins/junit-4.12.jar
7fc8500e5000-7fc8500ea000 r--s 00041000 08:05 5900536                    /home/iagoprior/.gradle/wrapper/dists/gradle-4.9-bin/e9cinqnqvph59rr7g70qubb4t/gradle-4.9/lib/commons-lang-2.6.jar
7fc8500ea000-7fc8500ee000 r--s 00026000 08:05 5900532                    /home/iagoprior/.gradle/wrapper/dists/gradle-4.9-bin/e9cinqnqvph59rr7g70qubb4t/gradle-4.9/lib/kryo-2.20.jar
7fc8500ee000-7fc8500f2000 r--s 00012000 08:05 5900549                    /home/iagoprior/.gradle/wrapper/dists/gradle-4.9-bin/e9cinqnqvph59rr7g70qubb4t/gradle-4.9/lib/native-platform-0.14.jar
7fc8500f2000-7fc8500f4000 r--s 00000000 08:05 5900538                    /home/iagoprior/.gradle/wrapper/dists/gradle-4.9-bin/e9cinqnqvph59rr7g70qubb4t/gradle-4.9/lib/jul-to-slf4j-1.7.16.jar
7fc8500f4000-7fc8500f6000 r--s 00006000 08:05 5900517                    /home/iagoprior/.gradle/wrapper/dists/gradle-4.9-bin/e9cinqnqvph59rr7g70qubb4t/gradle-4.9/lib/gradle-process-services-4.9.jar
7fc8500f6000-7fc8500f8000 r--s 0000e000 08:05 5900683                    /home/iagoprior/.gradle/wrapper/dists/gradle-4.9-bin/e9cinqnqvph59rr7g70qubb4t/gradle-4.9/lib/plugins/junit-platform-commons-1.0.3.jar
7fc8500f8000-7fc8500fa000 r--s 0000c000 08:05 5900653                    /home/iagoprior/.gradle/wrapper/dists/gradle-4.9-bin/e9cinqnqvph59rr7g70qubb4t/gradle-4.9/lib/plugins/junit-platform-launcher-1.0.3.jar
7fc8500fa000-7fc8500fd000 r--s 00013000 08:05 5900682                    /home/iagoprior/.gradle/wrapper/dists/gradle-4.9-bin/e9cinqnqvph59rr7g70qubb4t/gradle-4.9/lib/plugins/junit-platform-engine-1.0.3.jar
7fc8500fd000-7fc850105000 r--s 00034000 08:05 5900604                    /home/iagoprior/.gradle/wrapper/dists/gradle-4.9-bin/e9cinqnqvph59rr7g70qubb4t/gradle-4.9/lib/plugins/gradle-testing-base-4.9.jar
7fc850105000-7fc850111000 r--s 00060000 08:05 5900525                    /home/iagoprior/.gradle/wrapper/dists/gradle-4.9-bin/e9cinqnqvph59rr7g70qubb4t/gradle-4.9/lib/gradle-base-services-4.9.jar
7fc850111000-7fc850118000 r--s 0002c000 08:05 5900524                    /home/iagoprior/.gradle/wrapper/dists/gradle-4.9-bin/e9cinqnqvph59rr7g70qubb4t/gradle-4.9/lib/gradle-messaging-4.9.jar
7fc850118000-7fc85015b000 r--s 00236000 08:05 5900512                    /home/iagoprior/.gradle/wrapper/dists/gradle-4.9-bin/e9cinqnqvph59rr7g70qubb4t/gradle-4.9/lib/gradle-core-4.9.jar
7fc85015b000-7fc85015c000 ---p 00000000 00:00 0 
7fc85015c000-7fc85025c000 rw-p 00000000 00:00 0 
7fc85025c000-7fc85025f000 ---p 00000000 00:00 0 
7fc85025f000-7fc85035d000 rw-p 00000000 00:00 0 
7fc85035d000-7fc850360000 ---p 00000000 00:00 0 
7fc850360000-7fc85045e000 rw-p 00000000 00:00 0 
7fc85045e000-7fc850461000 ---p 00000000 00:00 0 
7fc850461000-7fc85055f000 rw-p 00000000 00:00 0 
7fc85055f000-7fc850562000 ---p 00000000 00:00 0 
7fc850562000-7fc850660000 rw-p 00000000 00:00 0 
7fc850660000-7fc850663000 ---p 00000000 00:00 0 
7fc850663000-7fc850761000 rw-p 00000000 00:00 0 
7fc850761000-7fc8507f8000 r--s 007ce000 08:05 13637076                   /usr/lib/jvm/java-1.8.0-amazon-corretto/jre/lib/ext/jfxrt.jar
7fc8507f8000-7fc8507fb000 ---p 00000000 00:00 0 
7fc8507fb000-7fc8508f9000 rw-p 00000000 00:00 0 
7fc8508f9000-7fc8508fc000 ---p 00000000 00:00 0 
7fc8508fc000-7fc8509fa000 rw-p 00000000 00:00 0 
7fc8509fa000-7fc8509fb000 ---p 00000000 00:00 0 
7fc8509fb000-7fc851000000 rw-p 00000000 00:00 0 
7fc851000000-7fc851390000 rwxp 00000000 00:00 0 
7fc851390000-7fc860000000 ---p 00000000 00:00 0 
7fc860000000-7fc8604ed000 rw-p 00000000 00:00 0 
7fc8604ed000-7fc864000000 ---p 00000000 00:00 0 
7fc864000000-7fc864001000 r--s 00009000 08:05 5900540                    /home/iagoprior/.gradle/wrapper/dists/gradle-4.9-bin/e9cinqnqvph59rr7g70qubb4t/gradle-4.9/lib/slf4j-api-1.7.16.jar
7fc864001000-7fc864002000 r--s 00003000 08:05 5900596                    /home/iagoprior/.gradle/wrapper/dists/gradle-4.9-bin/e9cinqnqvph59rr7g70qubb4t/gradle-4.9/lib/plugins/gradle-testing-junit-platform-4.9.jar
7fc864002000-7fc864006000 r--s 0001c000 08:05 5900597                    /home/iagoprior/.gradle/wrapper/dists/gradle-4.9-bin/e9cinqnqvph59rr7g70qubb4t/gradle-4.9/lib/plugins/gradle-testing-jvm-4.9.jar
7fc864006000-7fc86400e000 r--s 00032000 08:05 5900516                    /home/iagoprior/.gradle/wrapper/dists/gradle-4.9-bin/e9cinqnqvph59rr7g70qubb4t/gradle-4.9/lib/gradle-logging-4.9.jar
7fc86400e000-7fc86401b000 r--s 00036000 08:05 5900514                    /home/iagoprior/.gradle/wrapper/dists/gradle-4.9-bin/e9cinqnqvph59rr7g70qubb4t/gradle-4.9/lib/gradle-core-api-4.9.jar
7fc86401b000-7fc86403c000 r--p 00000000 08:05 15353018                   /usr/share/locale-langpack/pt_BR/LC_MESSAGES/libc.mo
7fc86403c000-7fc864af7000 rw-p 00000000 00:00 0 
7fc864af7000-7fc864cc6000 r--s 03c3b000 08:05 13637069                   /usr/lib/jvm/java-1.8.0-amazon-corretto/jre/lib/rt.jar
7fc864cc6000-7fc86553c000 rw-p 00000000 00:00 0 
7fc86553c000-7fc865709000 rw-p 00000000 00:00 0 
7fc865709000-7fc86570a000 ---p 00000000 00:00 0 
7fc86570a000-7fc86580a000 rw-p 00000000 00:00 0 
7fc86580a000-7fc86580b000 ---p 00000000 00:00 0 
7fc86580b000-7fc86590b000 rw-p 00000000 00:00 0 
7fc86590b000-7fc86590c000 ---p 00000000 00:00 0 
7fc86590c000-7fc865a0c000 rw-p 00000000 00:00 0 
7fc865a0c000-7fc865a0d000 ---p 00000000 00:00 0 
7fc865a0d000-7fc865b76000 rw-p 00000000 00:00 0 
7fc865b76000-7fc865c41000 ---p 00000000 00:00 0 
7fc865c41000-7fc865caa000 rw-p 00000000 00:00 0 
7fc865caa000-7fc865d74000 ---p 00000000 00:00 0 
7fc865d74000-7fc865e0e000 rw-p 00000000 00:00 0 
7fc865e0e000-7fc865e1e000 rw-p 00000000 00:00 0 
7fc865e1e000-7fc8661cf000 ---p 00000000 00:00 0 
7fc8661cf000-7fc8661ea000 r-xp 00000000 08:05 13637003                   /usr/lib/jvm/java-1.8.0-amazon-corretto/jre/lib/amd64/libzip.so
7fc8661ea000-7fc8663e9000 ---p 0001b000 08:05 13637003                   /usr/lib/jvm/java-1.8.0-amazon-corretto/jre/lib/amd64/libzip.so
7fc8663e9000-7fc8663ea000 r--p 0001a000 08:05 13637003                   /usr/lib/jvm/java-1.8.0-amazon-corretto/jre/lib/amd64/libzip.so
7fc8663ea000-7fc8663eb000 rw-p 0001b000 08:05 13637003                   /usr/lib/jvm/java-1.8.0-amazon-corretto/jre/lib/amd64/libzip.so
7fc8663eb000-7fc8663f6000 r-xp 00000000 08:05 14160572                   /lib/x86_64-linux-gnu/libnss_files-2.23.so
7fc8663f6000-7fc8665f5000 ---p 0000b000 08:05 14160572                   /lib/x86_64-linux-gnu/libnss_files-2.23.so
7fc8665f5000-7fc8665f6000 r--p 0000a000 08:05 14160572                   /lib/x86_64-linux-gnu/libnss_files-2.23.so
7fc8665f6000-7fc8665f7000 rw-p 0000b000 08:05 14160572                   /lib/x86_64-linux-gnu/libnss_files-2.23.so
7fc8665f7000-7fc8665fd000 rw-p 00000000 00:00 0 
7fc8665fd000-7fc866608000 r-xp 00000000 08:05 14160582                   /lib/x86_64-linux-gnu/libnss_nis-2.23.so
7fc866608000-7fc866807000 ---p 0000b000 08:05 14160582                   /lib/x86_64-linux-gnu/libnss_nis-2.23.so
7fc866807000-7fc866808000 r--p 0000a000 08:05 14160582                   /lib/x86_64-linux-gnu/libnss_nis-2.23.so
7fc866808000-7fc866809000 rw-p 0000b000 08:05 14160582                   /lib/x86_64-linux-gnu/libnss_nis-2.23.so
7fc866809000-7fc86681f000 r-xp 00000000 08:05 14160566                   /lib/x86_64-linux-gnu/libnsl-2.23.so
7fc86681f000-7fc866a1e000 ---p 00016000 08:05 14160566                   /lib/x86_64-linux-gnu/libnsl-2.23.so
7fc866a1e000-7fc866a1f000 r--p 00015000 08:05 14160566                   /lib/x86_64-linux-gnu/libnsl-2.23.so
7fc866a1f000-7fc866a20000 rw-p 00016000 08:05 14160566                   /lib/x86_64-linux-gnu/libnsl-2.23.so
7fc866a20000-7fc866a22000 rw-p 00000000 00:00 0 
7fc866a22000-7fc866a2a000 r-xp 00000000 08:05 14160568                   /lib/x86_64-linux-gnu/libnss_compat-2.23.so
7fc866a2a000-7fc866c29000 ---p 00008000 08:05 14160568                   /lib/x86_64-linux-gnu/libnss_compat-2.23.so
7fc866c29000-7fc866c2a000 r--p 00007000 08:05 14160568                   /lib/x86_64-linux-gnu/libnss_compat-2.23.so
7fc866c2a000-7fc866c2b000 rw-p 00008000 08:05 14160568                   /lib/x86_64-linux-gnu/libnss_compat-2.23.so
7fc866c2b000-7fc866c57000 r-xp 00000000 08:05 13637015                   /usr/lib/jvm/java-1.8.0-amazon-corretto/jre/lib/amd64/libjava.so
7fc866c57000-7fc866e56000 ---p 0002c000 08:05 13637015                   /usr/lib/jvm/java-1.8.0-amazon-corretto/jre/lib/amd64/libjava.so
7fc866e56000-7fc866e57000 r--p 0002b000 08:05 13637015                   /usr/lib/jvm/java-1.8.0-amazon-corretto/jre/lib/amd64/libjava.so
7fc866e57000-7fc866e59000 rw-p 0002c000 08:05 13637015                   /usr/lib/jvm/java-1.8.0-amazon-corretto/jre/lib/amd64/libjava.so
7fc866e59000-7fc866e6a000 r-xp 00000000 08:05 13637012                   /usr/lib/jvm/java-1.8.0-amazon-corretto/jre/lib/amd64/libverify.so
7fc866e6a000-7fc867069000 ---p 00011000 08:05 13637012                   /usr/lib/jvm/java-1.8.0-amazon-corretto/jre/lib/amd64/libverify.so
7fc867069000-7fc86706b000 r--p 00010000 08:05 13637012                   /usr/lib/jvm/java-1.8.0-amazon-corretto/jre/lib/amd64/libverify.so
7fc86706b000-7fc86706c000 rw-p 00012000 08:05 13637012                   /usr/lib/jvm/java-1.8.0-amazon-corretto/jre/lib/amd64/libverify.so
7fc86706c000-7fc867073000 r-xp 00000000 08:05 14160627                   /lib/x86_64-linux-gnu/librt-2.23.so
7fc867073000-7fc867272000 ---p 00007000 08:05 14160627                   /lib/x86_64-linux-gnu/librt-2.23.so
7fc867272000-7fc867273000 r--p 00006000 08:05 14160627                   /lib/x86_64-linux-gnu/librt-2.23.so
7fc867273000-7fc867274000 rw-p 00007000 08:05 14160627                   /lib/x86_64-linux-gnu/librt-2.23.so
7fc867274000-7fc86737c000 r-xp 00000000 08:05 14160543                   /lib/x86_64-linux-gnu/libm-2.23.so
7fc86737c000-7fc86757b000 ---p 00108000 08:05 14160543                   /lib/x86_64-linux-gnu/libm-2.23.so
7fc86757b000-7fc86757c000 r--p 00107000 08:05 14160543                   /lib/x86_64-linux-gnu/libm-2.23.so
7fc86757c000-7fc86757d000 rw-p 00108000 08:05 14160543                   /lib/x86_64-linux-gnu/libm-2.23.so
7fc86757d000-7fc86820b000 r-xp 00000000 08:05 13637019                   /usr/lib/jvm/java-1.8.0-amazon-corretto/jre/lib/amd64/server/libjvm.so
7fc86820b000-7fc86840a000 ---p 00c8e000 08:05 13637019                   /usr/lib/jvm/java-1.8.0-amazon-corretto/jre/lib/amd64/server/libjvm.so
7fc86840a000-7fc86849f000 r--p 00c8d000 08:05 13637019                   /usr/lib/jvm/java-1.8.0-amazon-corretto/jre/lib/amd64/server/libjvm.so
7fc86849f000-7fc8684c8000 rw-p 00d22000 08:05 13637019                   /usr/lib/jvm/java-1.8.0-amazon-corretto/jre/lib/amd64/server/libjvm.so
7fc8684c8000-7fc8684f8000 rw-p 00000000 00:00 0 
7fc8684f8000-7fc8686b8000 r-xp 00000000 08:05 14160473                   /lib/x86_64-linux-gnu/libc-2.23.so
7fc8686b8000-7fc8688b8000 ---p 001c0000 08:05 14160473                   /lib/x86_64-linux-gnu/libc-2.23.so
7fc8688b8000-7fc8688bc000 r--p 001c0000 08:05 14160473                   /lib/x86_64-linux-gnu/libc-2.23.so
7fc8688bc000-7fc8688be000 rw-p 001c4000 08:05 14160473                   /lib/x86_64-linux-gnu/libc-2.23.so
7fc8688be000-7fc8688c2000 rw-p 00000000 00:00 0 
7fc8688c2000-7fc8688c5000 r-xp 00000000 08:05 14160497                   /lib/x86_64-linux-gnu/libdl-2.23.so
7fc8688c5000-7fc868ac4000 ---p 00003000 08:05 14160497                   /lib/x86_64-linux-gnu/libdl-2.23.so
7fc868ac4000-7fc868ac5000 r--p 00002000 08:05 14160497                   /lib/x86_64-linux-gnu/libdl-2.23.so
7fc868ac5000-7fc868ac6000 rw-p 00003000 08:05 14160497                   /lib/x86_64-linux-gnu/libdl-2.23.so
7fc868ac6000-7fc868add000 r-xp 00000000 08:05 13637115                   /usr/lib/jvm/java-1.8.0-amazon-corretto/lib/amd64/jli/libjli.so
7fc868add000-7fc868cdc000 ---p 00017000 08:05 13637115                   /usr/lib/jvm/java-1.8.0-amazon-corretto/lib/amd64/jli/libjli.so
7fc868cdc000-7fc868cdd000 r--p 00016000 08:05 13637115                   /usr/lib/jvm/java-1.8.0-amazon-corretto/lib/amd64/jli/libjli.so
7fc868cdd000-7fc868cde000 rw-p 00017000 08:05 13637115                   /usr/lib/jvm/java-1.8.0-amazon-corretto/lib/amd64/jli/libjli.so
7fc868cde000-7fc868cf6000 r-xp 00000000 08:05 14160619                   /lib/x86_64-linux-gnu/libpthread-2.23.so
7fc868cf6000-7fc868ef5000 ---p 00018000 08:05 14160619                   /lib/x86_64-linux-gnu/libpthread-2.23.so
7fc868ef5000-7fc868ef6000 r--p 00017000 08:05 14160619                   /lib/x86_64-linux-gnu/libpthread-2.23.so
7fc868ef6000-7fc868ef7000 rw-p 00018000 08:05 14160619                   /lib/x86_64-linux-gnu/libpthread-2.23.so
7fc868ef7000-7fc868efb000 rw-p 00000000 00:00 0 
7fc868efb000-7fc868f21000 r-xp 00000000 08:05 14160445                   /lib/x86_64-linux-gnu/ld-2.23.so
7fc868f21000-7fc868f29000 r--s 00045000 08:05 3932211                    /home/iagoprior/.gradle/caches/modules-2/files-2.1/junit/junit/4.12/2973d150c0dc1fefe998f834810d68f278ea58ec/junit-4.12.jar
7fc868f29000-7fc869001000 rw-p 00000000 00:00 0 
7fc869001000-7fc869004000 ---p 00000000 00:00 0 
7fc869004000-7fc869107000 rw-p 00000000 00:00 0 
7fc869107000-7fc86910a000 r--s 0000c000 08:05 5900520                    /home/iagoprior/.gradle/wrapper/dists/gradle-4.9-bin/e9cinqnqvph59rr7g70qubb4t/gradle-4.9/lib/gradle-native-4.9.jar
7fc86910a000-7fc86910c000 r--s 00005000 08:05 5900527                    /home/iagoprior/.gradle/wrapper/dists/gradle-4.9-bin/e9cinqnqvph59rr7g70qubb4t/gradle-4.9/lib/gradle-cli-4.9.jar
7fc86910c000-7fc86910e000 r--s 00009000 08:05 3932212                    /home/iagoprior/.gradle/caches/modules-2/files-2.1/org.hamcrest/hamcrest-core/1.3/42a25dc3219429f0e5d060061f71acb49bf010a0/hamcrest-core-1.3.jar
7fc86910e000-7fc869115000 r--s 00000000 08:05 13765835                   /usr/lib/x86_64-linux-gnu/gconv/gconv-modules.cache
7fc869115000-7fc869116000 r--s 00009000 08:05 5900853                    /home/iagoprior/.gradle/caches/4.9/workerMain/gradle-worker.jar
7fc869116000-7fc86911e000 rw-s 00000000 08:05 3932207                    /tmp/hsperfdata_iagoprior/5651
7fc86911e000-7fc86911f000 rw-p 00000000 00:00 0 
7fc86911f000-7fc869120000 ---p 00000000 00:00 0 
7fc869120000-7fc869121000 r--p 00025000 08:05 14160445                   /lib/x86_64-linux-gnu/ld-2.23.so
7fc869121000-7fc869122000 rw-p 00026000 08:05 14160445                   /lib/x86_64-linux-gnu/ld-2.23.so
7fc869122000-7fc869123000 rw-p 00000000 00:00 0 
7fff59804000-7fff59825000 rw-p 00000000 00:00 0                          [stack]
7fff599e4000-7fff599e7000 r--p 00000000 00:00 0                          [vvar]
7fff599e7000-7fff599e9000 r-xp 00000000 00:00 0                          [vdso]
ffffffffff600000-ffffffffff601000 r-xp 00000000 00:00 0                  [vsyscall]

VM Arguments:
jvm_args: -Djava.security.manager=worker.org.gradle.process.internal.worker.child.BootstrapSecurityManager -Dorg.gradle.native=false -Dfile.encoding=UTF-8 -Duser.country=BR -Duser.language=pt -Duser.variant -ea 
java_command: worker.org.gradle.process.internal.worker.GradleWorkerMain 'Gradle Test Executor 13'
java_class_path (initial): /home/iagoprior/.gradle/caches/4.9/workerMain/gradle-worker.jar
Launcher Type: SUN_STANDARD

Environment Variables:
PATH=/home/iagoprior/bin:/home/iagoprior/.local/bin:/usr/local/sbin:/usr/local/bin:/usr/sbin:/usr/bin:/sbin:/bin:/usr/games:/usr/local/games:/snap/bin
SHELL=/bin/bash
DISPLAY=:0

Signal Handlers:
SIGSEGV: [libjvm.so+0xa808f0], sa_mask[0]=11111111011111111101111111111110, sa_flags=SA_RESTART|SA_SIGINFO
SIGBUS: [libjvm.so+0xa808f0], sa_mask[0]=11111111011111111101111111111110, sa_flags=SA_RESTART|SA_SIGINFO
SIGFPE: [libjvm.so+0x8bc430], sa_mask[0]=11111111011111111101111111111110, sa_flags=SA_RESTART|SA_SIGINFO
SIGPIPE: [libjvm.so+0x8bc430], sa_mask[0]=11111111011111111101111111111110, sa_flags=SA_RESTART|SA_SIGINFO
SIGXFSZ: [libjvm.so+0x8bc430], sa_mask[0]=11111111011111111101111111111110, sa_flags=SA_RESTART|SA_SIGINFO
SIGILL: [libjvm.so+0x8bc430], sa_mask[0]=11111111011111111101111111111110, sa_flags=SA_RESTART|SA_SIGINFO
SIGUSR1: SIG_DFL, sa_mask[0]=00000000000000000000000000000000, sa_flags=none
SIGUSR2: [libjvm.so+0x8bc300], sa_mask[0]=00100000000000000000000000000000, sa_flags=SA_RESTART|SA_SIGINFO
SIGHUP: [libjvm.so+0x8bc920], sa_mask[0]=11111111011111111101111111111110, sa_flags=SA_RESTART|SA_SIGINFO
SIGINT: [libjvm.so+0x8bc920], sa_mask[0]=11111111011111111101111111111110, sa_flags=SA_RESTART|SA_SIGINFO
SIGTERM: [libjvm.so+0x8bc920], sa_mask[0]=11111111011111111101111111111110, sa_flags=SA_RESTART|SA_SIGINFO
SIGQUIT: [libjvm.so+0x8bc920], sa_mask[0]=11111111011111111101111111111110, sa_flags=SA_RESTART|SA_SIGINFO


---------------  S Y S T E M  ---------------

OS:DISTRIB_ID=Ubuntu
DISTRIB_RELEASE=16.04
DISTRIB_CODENAME=xenial
DISTRIB_DESCRIPTION="Ubuntu 16.04.6 LTS"

uname:Linux 4.15.0-88-generic #88~16.04.1-Ubuntu SMP Wed Feb 12 04:19:15 UTC 2020 x86_64
libc:glibc 2.23 NPTL 2.23 
rlimit: STACK 8192k, CORE 0k, NPROC 14496, NOFILE 1048576, AS infinity
load average:2,79 1,63 1,34

/proc/meminfo:
MemTotal:        3772036 kB
MemFree:           86512 kB
MemAvailable:      32216 kB
Buffers:            2524 kB
Cached:           259056 kB
SwapCached:        11016 kB
Active:          2898232 kB
Inactive:         609672 kB
Active(anon):    2846364 kB
Inactive(anon):   568388 kB
Active(file):      51868 kB
Inactive(file):    41284 kB
Unevictable:          48 kB
Mlocked:              48 kB
SwapTotal:        998396 kB
SwapFree:           4584 kB
Dirty:               520 kB
Writeback:          7608 kB
AnonPages:       3236072 kB
Mapped:           188140 kB
Shmem:            168356 kB
Slab:              78648 kB
SReclaimable:      36488 kB
SUnreclaim:        42160 kB
KernelStack:       14768 kB
PageTables:        48312 kB
NFS_Unstable:          0 kB
Bounce:                0 kB
WritebackTmp:          0 kB
CommitLimit:     2884412 kB
Committed_AS:    8730636 kB
VmallocTotal:   34359738367 kB
VmallocUsed:           0 kB
VmallocChunk:          0 kB
HardwareCorrupted:     0 kB
AnonHugePages:         0 kB
ShmemHugePages:        0 kB
ShmemPmdMapped:        0 kB
CmaTotal:              0 kB
CmaFree:               0 kB
HugePages_Total:       0
HugePages_Free:        0
HugePages_Rsvd:        0
HugePages_Surp:        0
Hugepagesize:       2048 kB
DirectMap4k:      142848 kB
DirectMap2M:     3780608 kB

container (cgroup) information:
container_type: cgroupv1
cpu_cpuset_cpus: 0-3
cpu_memory_nodes: 0
active_processor_count: 4
cpu_quota: -1
cpu_period: 100000
cpu_shares: -1
memory_limit_in_bytes: -1
memory_and_swap_limit_in_bytes: -2
memory_soft_limit_in_bytes: -1
memory_usage_in_bytes: 3592376320
memory_max_usage_in_bytes: 0


CPU:total 4 (initial active 4) (2 cores per cpu, 2 threads per core) family 6 model 37 stepping 2, cmov, cx8, fxsr, mmx, sse, sse2, sse3, ssse3, sse4.1, sse4.2, popcnt, ht, tsc, tscinvbit

/proc/cpuinfo:
processor	: 0
vendor_id	: GenuineIntel
cpu family	: 6
model		: 37
model name	: Intel(R) Core(TM) i3 CPU         530  @ 2.93GHz
stepping	: 2
microcode	: 0x11
cpu MHz		: 1966.893
cache size	: 4096 KB
physical id	: 0
siblings	: 4
core id		: 0
cpu cores	: 2
apicid		: 0
initial apicid	: 0
fpu		: yes
fpu_exception	: yes
cpuid level	: 11
wp		: yes
flags		: fpu vme de pse tsc msr pae mce cx8 apic sep mtrr pge mca cmov pat pse36 clflush dts acpi mmx fxsr sse sse2 ss ht tm pbe syscall nx rdtscp lm constant_tsc arch_perfmon pebs bts rep_good nopl xtopology nonstop_tsc cpuid aperfmperf pni dtes64 monitor ds_cpl vmx est tm2 ssse3 cx16 xtpr pdcm sse4_1 sse4_2 popcnt lahf_lm pti ssbd ibrs ibpb stibp tpr_shadow vnmi flexpriority ept vpid dtherm arat flush_l1d
bugs		: cpu_meltdown spectre_v1 spectre_v2 spec_store_bypass l1tf mds swapgs itlb_multihit
bogomips	: 5852.22
clflush size	: 64
cache_alignment	: 64
address sizes	: 36 bits physical, 48 bits virtual
power management:

processor	: 1
vendor_id	: GenuineIntel
cpu family	: 6
model		: 37
model name	: Intel(R) Core(TM) i3 CPU         530  @ 2.93GHz
stepping	: 2
microcode	: 0x11
cpu MHz		: 1556.618
cache size	: 4096 KB
physical id	: 0
siblings	: 4
core id		: 2
cpu cores	: 2
apicid		: 4
initial apicid	: 4
fpu		: yes
fpu_exception	: yes
cpuid level	: 11
wp		: yes
flags		: fpu vme de pse tsc msr pae mce cx8 apic sep mtrr pge mca cmov pat pse36 clflush dts acpi mmx fxsr sse sse2 ss ht tm pbe syscall nx rdtscp lm constant_tsc arch_perfmon pebs bts rep_good nopl xtopology nonstop_tsc cpuid aperfmperf pni dtes64 monitor ds_cpl vmx est tm2 ssse3 cx16 xtpr pdcm sse4_1 sse4_2 popcnt lahf_lm pti ssbd ibrs ibpb stibp tpr_shadow vnmi flexpriority ept vpid dtherm arat flush_l1d
bugs		: cpu_meltdown spectre_v1 spectre_v2 spec_store_bypass l1tf mds swapgs itlb_multihit
bogomips	: 5852.22
clflush size	: 64
cache_alignment	: 64
address sizes	: 36 bits physical, 48 bits virtual
power management:

processor	: 2
vendor_id	: GenuineIntel
cpu family	: 6
model		: 37
model name	: Intel(R) Core(TM) i3 CPU         530  @ 2.93GHz
stepping	: 2
microcode	: 0x11
cpu MHz		: 2327.846
cache size	: 4096 KB
physical id	: 0
siblings	: 4
core id		: 0
cpu cores	: 2
apicid		: 1
initial apicid	: 1
fpu		: yes
fpu_exception	: yes
cpuid level	: 11
wp		: yes
flags		: fpu vme de pse tsc msr pae mce cx8 apic sep mtrr pge mca cmov pat pse36 clflush dts acpi mmx fxsr sse sse2 ss ht tm pbe syscall nx rdtscp lm constant_tsc arch_perfmon pebs bts rep_good nopl xtopology nonstop_tsc cpuid aperfmperf pni dtes64 monitor ds_cpl vmx est tm2 ssse3 cx16 xtpr pdcm sse4_1 sse4_2 popcnt lahf_lm pti ssbd ibrs ibpb stibp tpr_shadow vnmi flexpriority ept vpid dtherm arat flush_l1d
bugs		: cpu_meltdown spectre_v1 spectre_v2 spec_store_bypass l1tf mds swapgs itlb_multihit
bogomips	: 5852.22
clflush size	: 64
cache_alignment	: 64
address sizes	: 36 bits physical, 48 bits virtual
power management:

processor	: 3
vendor_id	: GenuineIntel
cpu family	: 6
model		: 37
model name	: Intel(R) Core(TM) i3 CPU         530  @ 2.93GHz
stepping	: 2
microcode	: 0x11
cpu MHz		: 1965.707
cache size	: 4096 KB
physical id	: 0
siblings	: 4
core id		: 2
cpu cores	: 2
apicid		: 5
initial apicid	: 5
fpu		: yes
fpu_exception	: yes
cpuid level	: 11
wp		: yes
flags		: fpu vme de pse tsc msr pae mce cx8 apic sep mtrr pge mca cmov pat pse36 clflush dts acpi mmx fxsr sse sse2 ss ht tm pbe syscall nx rdtscp lm constant_tsc arch_perfmon pebs bts rep_good nopl xtopology nonstop_tsc cpuid aperfmperf pni dtes64 monitor ds_cpl vmx est tm2 ssse3 cx16 xtpr pdcm sse4_1 sse4_2 popcnt lahf_lm pti ssbd ibrs ibpb stibp tpr_shadow vnmi flexpriority ept vpid dtherm arat flush_l1d
bugs		: cpu_meltdown spectre_v1 spectre_v2 spec_store_bypass l1tf mds swapgs itlb_multihit
bogomips	: 5852.22
clflush size	: 64
cache_alignment	: 64
address sizes	: 36 bits physical, 48 bits virtual
power management:



Memory: 4k page, physical 3772036k(86388k free), swap 998396k(4584k free)

vm_info: OpenJDK 64-Bit Server VM (25.212-b04) for linux-amd64 JRE (1.8.0_212-b04), built on Apr 19 2019 23:23:17 by "root" with gcc 7.3.1 20180303 (Red Hat 7.3.1-5)

time: Sun Mar  8 20:53:43 2020
timezone: -03
elapsed time: 26 seconds (0d 0h 0m 26s)

